\BOOKMARK [0][-]{chapter*.1}{\376\377\000P\000r\000e\000f\000a\000c\000e}{}% 1
\BOOKMARK [0][-]{chapter*.3}{\376\377\000A\000b\000s\000t\000r\000a\000c\000t}{}% 2
\BOOKMARK [0][-]{chapter*.4}{\376\377\000S\000a\000m\000e\000n\000v\000a\000t\000t\000i\000n\000g}{}% 3
\BOOKMARK [0][-]{chapter*.5}{\376\377\000L\000i\000s\000t\000\040\000o\000f\000\040\000F\000i\000g\000u\000r\000e\000s\000\040\000a\000n\000d\000\040\000T\000a\000b\000l\000e\000s}{}% 4
\BOOKMARK [0][-]{chapter*.10}{\376\377\000L\000i\000s\000t\000\040\000o\000f\000\040\000A\000b\000b\000r\000e\000v\000i\000a\000t\000i\000o\000n\000s\000\040\000a\000n\000d\000\040\000S\000y\000m\000b\000o\000l\000s}{}% 5
\BOOKMARK [0][-]{chapter.1}{\376\377\000I\000n\000t\000r\000o\000d\000u\000c\000t\000i\000o\000n}{}% 6
\BOOKMARK [1][-]{section.1.1}{\376\377\000L\000o\000r\000e\000m\000\040\000I\000p\000s\000u\000m\000\040\0004\040\023\0005}{chapter.1}% 7
\BOOKMARK [1][-]{section.1.2}{\376\377\000L\000o\000r\000e\000m\000\040\000I\000p\000s\000u\000m\000\040\0006\040\023\0007}{chapter.1}% 8
\BOOKMARK [0][-]{chapter.2}{\376\377\000T\000h\000e\000\040\000F\000i\000r\000s\000t\000\040\000C\000h\000a\000p\000t\000e\000r}{}% 9
\BOOKMARK [1][-]{section.2.1}{\376\377\000T\000h\000e\000\040\000F\000i\000r\000s\000t\000\040\000T\000o\000p\000i\000c\000\040\000o\000f\000\040\000t\000h\000e\000\040\000C\000h\000a\000p\000t\000e\000r}{chapter.2}% 10
\BOOKMARK [1][-]{section.2.2}{\376\377\000A\000\040\000S\000e\000c\000o\000n\000d\000\040\000T\000o\000p\000i\000c}{chapter.2}% 11
\BOOKMARK [1][-]{section.2.3}{\376\377\000C\000o\000n\000c\000l\000u\000s\000i\000o\000n}{chapter.2}% 12
\BOOKMARK [0][-]{chapter.3}{\376\377\000T\000h\000e\000\040\000N\000e\000x\000t\000\040\000C\000h\000a\000p\000t\000e\000r}{}% 13
\BOOKMARK [1][-]{section.3.1}{\376\377\000T\000h\000e\000\040\000F\000i\000r\000s\000t\000\040\000T\000o\000p\000i\000c\000\040\000o\000f\000\040\000t\000h\000i\000s\000\040\000C\000h\000a\000p\000t\000e\000r}{chapter.3}% 14
\BOOKMARK [1][-]{section.3.2}{\376\377\000F\000i\000g\000u\000r\000e\000s}{chapter.3}% 15
\BOOKMARK [1][-]{section.3.3}{\376\377\000T\000a\000b\000l\000e\000s}{chapter.3}% 16
\BOOKMARK [1][-]{section.3.4}{\376\377\000L\000o\000r\000e\000m\000\040\000I\000p\000s\000u\000m}{chapter.3}% 17
\BOOKMARK [1][-]{section.3.5}{\376\377\000C\000o\000n\000c\000l\000u\000s\000i\000o\000n}{chapter.3}% 18
\BOOKMARK [0][-]{chapter.4}{\376\377\000T\000h\000e\000\040\000F\000i\000n\000a\000l\000\040\000C\000h\000a\000p\000t\000e\000r}{}% 19
\BOOKMARK [1][-]{section.4.1}{\376\377\000T\000h\000e\000\040\000F\000i\000r\000s\000t\000\040\000T\000o\000p\000i\000c\000\040\000o\000f\000\040\000t\000h\000i\000s\000\040\000C\000h\000a\000p\000t\000e\000r}{chapter.4}% 20
\BOOKMARK [1][-]{section.4.2}{\376\377\000T\000h\000e\000\040\000S\000e\000c\000o\000n\000d\000\040\000T\000o\000p\000i\000c}{chapter.4}% 21
\BOOKMARK [1][-]{section.4.3}{\376\377\000C\000o\000n\000c\000l\000u\000s\000i\000o\000n}{chapter.4}% 22
\BOOKMARK [0][-]{chapter.5}{\376\377\000C\000o\000n\000c\000l\000u\000s\000i\000o\000n}{}% 23
\BOOKMARK [0][-]{appendix.A}{\376\377\000T\000h\000e\000\040\000F\000i\000r\000s\000t\000\040\000A\000p\000p\000e\000n\000d\000i\000x}{}% 24
\BOOKMARK [1][-]{section.A.1}{\376\377\000M\000o\000r\000e\000\040\000L\000o\000r\000e\000m}{appendix.A}% 25
\BOOKMARK [1][-]{section.A.2}{\376\377\000L\000o\000r\000e\000m\000\040\0005\0001}{appendix.A}% 26
\BOOKMARK [0][-]{appendix.B}{\376\377\000T\000h\000e\000\040\000L\000a\000s\000t\000\040\000A\000p\000p\000e\000n\000d\000i\000x}{}% 27
\BOOKMARK [1][-]{section.B.1}{\376\377\000L\000o\000r\000e\000m\000\040\0002\0000\000-\0002\0004}{appendix.B}% 28
\BOOKMARK [1][-]{section.B.2}{\376\377\000L\000o\000r\000e\000m\000\040\0002\0005\000-\0002\0007}{appendix.B}% 29
\BOOKMARK [0][-]{appendix*.15}{\376\377\000B\000i\000b\000l\000i\000o\000g\000r\000a\000p\000h\000y}{}% 30
